<?xml version="1.0" encoding="UTF-8"?>
<!-- Generated by org.testng.reporters.JUnitXMLReporter -->
<testsuite ignored="0" hostname="HP" failures="0" tests="8" name="Default test" time="33.44" errors="0" timestamp="2025-05-25T21:00:09 IST">
  <testcase classname="Tests.LogOutTest" name="ClickOnSignUp" time="4.145"/>
  <testcase classname="Tests.LogOutTest" name="testlogin" time="10.244"/>
  <testcase classname="Tests.LogOutTest" name="clickOnProduct" time="10.045"/>
  <testcase classname="Tests.LogOutTest" name="addFirstProduct" time="0.149"/>
  <testcase classname="Tests.LogOutTest" name="addSecondProduct" time="0.091"/>
  <testcase classname="Tests.LogOutTest" name="clickContinueShopping" time="0.608"/>
  <testcase classname="Tests.LogOutTest" name="clickViewCart" time="2.875"/>
  <testcase classname="Tests.LogOutTest" name="Logout" time="2.002"/>
</testsuite> <!-- Default test -->
