<?xml version="1.0" encoding="UTF-8"?>
<!-- Generated by org.testng.reporters.JUnitXMLReporter -->
<testsuite ignored="0" hostname="HP" failures="0" tests="8" name="Default test" time="21.658" errors="0" timestamp="2025-05-28T17:57:33 IST">
  <testcase classname="Tests.LogOutTest" name="ClickOnSignUp" time="1.294"/>
  <testcase classname="Tests.LogOutTest" name="testlogin" time="0.223"/>
  <testcase classname="Tests.LogOutTest" name="clickOnProduct" time="9.549"/>
  <testcase classname="Tests.LogOutTest" name="addFirstProduct" time="0.137"/>
  <testcase classname="Tests.LogOutTest" name="addSecondProduct" time="0.197"/>
  <testcase classname="Tests.LogOutTest" name="clickContinueShopping" time="0.577"/>
  <testcase classname="Tests.LogOutTest" name="clickViewCart" time="2.728"/>
  <testcase classname="Tests.LogOutTest" name="Logout" time="1.554"/>
</testsuite> <!-- Default test -->
