<?xml version="1.0" encoding="UTF-8"?>
<testng-results ignored="0" total="8" passed="8" failed="0" skipped="0">
  <reporter-output>
  </reporter-output>
  <suite started-at="2025-05-25T20:59:36 IST" name="Default suite" finished-at="2025-05-25T21:00:09 IST" duration-ms="33440">
    <groups>
    </groups>
    <test started-at="2025-05-25T20:59:36 IST" name="Default test" finished-at="2025-05-25T21:00:09 IST" duration-ms="33440">
      <class name="Tests.LogOutTest">
        <test-method is-config="true" signature="intialization()[pri:0, instance:Tests.LogOutTest@6a6cb05c]" started-at="2025-05-25T20:59:36 IST" name="intialization" finished-at="2025-05-25T20:59:39 IST" duration-ms="2947" status="PASS">
          <reporter-output>
          </reporter-output>
        </test-method> <!-- intialization -->
        <test-method signature="ClickOnSignUp()[pri:0, instance:Tests.LogOutTest@6a6cb05c]" started-at="2025-05-25T20:59:39 IST" name="ClickOnSignUp" finished-at="2025-05-25T20:59:43 IST" duration-ms="4145" status="PASS">
          <reporter-output>
          </reporter-output>
        </test-method> <!-- ClickOnSignUp -->
        <test-method signature="testlogin()[pri:1, instance:Tests.LogOutTest@6a6cb05c]" started-at="2025-05-25T20:59:43 IST" name="testlogin" finished-at="2025-05-25T20:59:53 IST" duration-ms="10244" status="PASS">
          <reporter-output>
          </reporter-output>
        </test-method> <!-- testlogin -->
        <test-method signature="clickOnProduct()[pri:3, instance:Tests.LogOutTest@6a6cb05c]" started-at="2025-05-25T20:59:53 IST" name="clickOnProduct" finished-at="2025-05-25T21:00:03 IST" duration-ms="10045" status="PASS">
          <reporter-output>
          </reporter-output>
        </test-method> <!-- clickOnProduct -->
        <test-method signature="addFirstProduct()[pri:4, instance:Tests.LogOutTest@6a6cb05c]" started-at="2025-05-25T21:00:03 IST" name="addFirstProduct" finished-at="2025-05-25T21:00:03 IST" duration-ms="149" status="PASS">
          <reporter-output>
          </reporter-output>
        </test-method> <!-- addFirstProduct -->
        <test-method signature="addSecondProduct()[pri:5, instance:Tests.LogOutTest@6a6cb05c]" started-at="2025-05-25T21:00:03 IST" name="addSecondProduct" finished-at="2025-05-25T21:00:03 IST" duration-ms="91" status="PASS">
          <reporter-output>
          </reporter-output>
        </test-method> <!-- addSecondProduct -->
        <test-method signature="clickContinueShopping()[pri:6, instance:Tests.LogOutTest@6a6cb05c]" started-at="2025-05-25T21:00:03 IST" name="clickContinueShopping" finished-at="2025-05-25T21:00:04 IST" duration-ms="608" status="PASS">
          <reporter-output>
          </reporter-output>
        </test-method> <!-- clickContinueShopping -->
        <test-method signature="clickViewCart()[pri:7, instance:Tests.LogOutTest@6a6cb05c]" started-at="2025-05-25T21:00:04 IST" name="clickViewCart" finished-at="2025-05-25T21:00:07 IST" duration-ms="2875" status="PASS">
          <reporter-output>
          </reporter-output>
        </test-method> <!-- clickViewCart -->
        <test-method signature="Logout()[pri:8, instance:Tests.LogOutTest@6a6cb05c]" started-at="2025-05-25T21:00:07 IST" name="Logout" finished-at="2025-05-25T21:00:09 IST" duration-ms="2002" status="PASS">
          <reporter-output>
          </reporter-output>
        </test-method> <!-- Logout -->
        <test-method is-config="true" signature="terminate()[pri:0, instance:Tests.LogOutTest@6a6cb05c]" started-at="2025-05-25T21:00:09 IST" name="terminate" finished-at="2025-05-25T21:00:09 IST" duration-ms="250" status="PASS">
          <reporter-output>
          </reporter-output>
        </test-method> <!-- terminate -->
      </class> <!-- Tests.LogOutTest -->
    </test> <!-- Default test -->
  </suite> <!-- Default suite -->
</testng-results>
