<?xml version="1.0" encoding="UTF-8"?>
<testng-results ignored="0" total="8" passed="8" failed="0" skipped="0">
  <reporter-output>
  </reporter-output>
  <suite started-at="2025-05-28T17:57:12 IST" name="Default suite" finished-at="2025-05-28T17:57:33 IST" duration-ms="21658">
    <groups>
    </groups>
    <test started-at="2025-05-28T17:57:12 IST" name="Default test" finished-at="2025-05-28T17:57:33 IST" duration-ms="21658">
      <class name="Tests.LogOutTest">
        <test-method is-config="true" signature="intialization()[pri:0, instance:Tests.LogOutTest@6a6cb05c]" started-at="2025-05-28T17:57:12 IST" name="intialization" finished-at="2025-05-28T17:57:17 IST" duration-ms="5070" status="PASS">
          <reporter-output>
          </reporter-output>
        </test-method> <!-- intialization -->
        <test-method signature="ClickOnSignUp()[pri:0, instance:Tests.LogOutTest@6a6cb05c]" started-at="2025-05-28T17:57:17 IST" name="ClickOnSignUp" finished-at="2025-05-28T17:57:18 IST" duration-ms="1294" status="PASS">
          <reporter-output>
          </reporter-output>
        </test-method> <!-- ClickOnSignUp -->
        <test-method signature="testlogin()[pri:1, instance:Tests.LogOutTest@6a6cb05c]" started-at="2025-05-28T17:57:18 IST" name="testlogin" finished-at="2025-05-28T17:57:18 IST" duration-ms="223" status="PASS">
          <reporter-output>
          </reporter-output>
        </test-method> <!-- testlogin -->
        <test-method signature="clickOnProduct()[pri:3, instance:Tests.LogOutTest@6a6cb05c]" started-at="2025-05-28T17:57:18 IST" name="clickOnProduct" finished-at="2025-05-28T17:57:28 IST" duration-ms="9549" status="PASS">
          <reporter-output>
          </reporter-output>
        </test-method> <!-- clickOnProduct -->
        <test-method signature="addFirstProduct()[pri:4, instance:Tests.LogOutTest@6a6cb05c]" started-at="2025-05-28T17:57:28 IST" name="addFirstProduct" finished-at="2025-05-28T17:57:28 IST" duration-ms="137" status="PASS">
          <reporter-output>
          </reporter-output>
        </test-method> <!-- addFirstProduct -->
        <test-method signature="addSecondProduct()[pri:5, instance:Tests.LogOutTest@6a6cb05c]" started-at="2025-05-28T17:57:28 IST" name="addSecondProduct" finished-at="2025-05-28T17:57:28 IST" duration-ms="197" status="PASS">
          <reporter-output>
          </reporter-output>
        </test-method> <!-- addSecondProduct -->
        <test-method signature="clickContinueShopping()[pri:6, instance:Tests.LogOutTest@6a6cb05c]" started-at="2025-05-28T17:57:28 IST" name="clickContinueShopping" finished-at="2025-05-28T17:57:29 IST" duration-ms="577" status="PASS">
          <reporter-output>
          </reporter-output>
        </test-method> <!-- clickContinueShopping -->
        <test-method signature="clickViewCart()[pri:7, instance:Tests.LogOutTest@6a6cb05c]" started-at="2025-05-28T17:57:29 IST" name="clickViewCart" finished-at="2025-05-28T17:57:31 IST" duration-ms="2728" status="PASS">
          <reporter-output>
          </reporter-output>
        </test-method> <!-- clickViewCart -->
        <test-method signature="Logout()[pri:8, instance:Tests.LogOutTest@6a6cb05c]" started-at="2025-05-28T17:57:31 IST" name="Logout" finished-at="2025-05-28T17:57:33 IST" duration-ms="1554" status="PASS">
          <reporter-output>
          </reporter-output>
        </test-method> <!-- Logout -->
        <test-method is-config="true" signature="terminate()[pri:0, instance:Tests.LogOutTest@6a6cb05c]" started-at="2025-05-28T17:57:33 IST" name="terminate" finished-at="2025-05-28T17:57:33 IST" duration-ms="255" status="PASS">
          <reporter-output>
          </reporter-output>
        </test-method> <!-- terminate -->
      </class> <!-- Tests.LogOutTest -->
    </test> <!-- Default test -->
  </suite> <!-- Default suite -->
</testng-results>
